# JRE version: OpenJDK Runtime Environment Temurin-17.0.2+8 (17.0.2+8) (build 17.0.2+8)
# Java VM: OpenJDK 64-Bit Server VM Temurin-17.0.2+8 (17.0.2+8, mixed mode, tiered, compressed oops, compressed class ptrs, g1 gc, windows-amd64)
GC Precious Log:
 CPUs: 8 total, 8 available
 Memory: 3531M
 Large Page Support: Disabled
 NUMA Support: Disabled
 Compressed Oops: Enabled (32-bit)
 Heap Region Size: 1M
 Heap Min Capacity: 8M
 Heap Initial Capacity: 56M
 Heap Max Capacity: 884M
 Pre-touch: Disabled
 Parallel Workers: 8
 Concurrent Workers: 2
 Concurrent Refinement Workers: 8
 Periodic GC: Disabled
Heap:
 garbage-first heap   total 98304K, used 29696K [0x00000000c8c00000, 0x0000000100000000)
  region size 1024K, 1 young (1024K), 1 survivors (1024K)
 Metaspace       used 37474K, committed 37824K, reserved 1089536K
  class space    used 3965K, committed 4096K, reserved 1048576K
GC Heap History (20 events):
Event: 27.676 GC heap after
{Heap after GC invocations=17 (full 0):
 garbage-first heap   total 81920K, used 42377K [0x00000000c8c00000, 0x0000000100000000)
  region size 1024K, 3 young (3072K), 3 survivors (3072K)
 Metaspace       used 36052K, committed 36352K, reserved 1089536K
  class space    used 3858K, committed 4032K, reserved 1048576K
}
Event: 28.644 GC heap before
{Heap before GC invocations=18 (full 0):
 garbage-first heap   total 81920K, used 65929K [0x00000000c8c00000, 0x0000000100000000)
  region size 1024K, 25 young (25600K), 3 survivors (3072K)
 Metaspace       used 36122K, committed 36480K, reserved 1089536K
  class space    used 3859K, committed 4032K, reserved 1048576K
}
Event: 28.666 GC heap after
{Heap after GC invocations=19 (full 0):
 garbage-first heap   total 81920K, used 52935K [0x00000000c8c00000, 0x0000000100000000)
  region size 1024K, 4 young (4096K), 4 survivors (4096K)
 Metaspace       used 36122K, committed 36480K, reserved 1089536K
  class space    used 3859K, committed 4032K, reserved 1048576K
}
Event: 28.673 GC heap before
{Heap before GC invocations=19 (full 0):
 garbage-first heap   total 81920K, used 53959K [0x00000000c8c00000, 0x0000000100000000)
  region size 1024K, 5 young (5120K), 4 survivors (4096K)
 Metaspace       used 36122K, committed 36480K, reserved 1089536K
  class space    used 3859K, committed 4032K, reserved 1048576K
}
Event: 28.683 GC heap after
{Heap after GC invocations=20 (full 0):
 garbage-first heap   total 98304K, used 45947K [0x00000000c8c00000, 0x0000000100000000)
  region size 1024K, 1 young (1024K), 1 survivors (1024K)
 Metaspace       used 36122K, committed 36480K, reserved 1089536K
  class space    used 3859K, committed 4032K, reserved 1048576K
}
Event: 28.709 GC heap before
{Heap before GC invocations=20 (full 0):
 garbage-first heap   total 98304K, used 49019K [0x00000000c8c00000, 0x0000000100000000)
  region size 1024K, 4 young (4096K), 1 survivors (1024K)
 Metaspace       used 36122K, committed 36480K, reserved 1089536K
  class space    used 3859K, committed 4032K, reserved 1048576K
}
Event: 28.715 GC heap after
{Heap after GC invocations=21 (full 0):
 garbage-first heap   total 98304K, used 45103K [0x00000000c8c00000, 0x0000000100000000)
  region size 1024K, 1 young (1024K), 1 survivors (1024K)
 Metaspace       used 36122K, committed 36480K, reserved 1089536K
  class space    used 3859K, committed 4032K, reserved 1048576K
}
Event: 29.606 GC heap before
{Heap before GC invocations=21 (full 0):
 garbage-first heap   total 98304K, used 72751K [0x00000000c8c00000, 0x0000000100000000)
  region size 1024K, 28 young (28672K), 1 survivors (1024K)
 Metaspace       used 36149K, committed 36480K, reserved 1089536K
  class space    used 3859K, committed 4032K, reserved 1048576K
}
Event: 29.618 GC heap after
{Heap after GC invocations=22 (full 0):
 garbage-first heap   total 98304K, used 54272K [0x00000000c8c00000, 0x0000000100000000)
  region size 1024K, 4 young (4096K), 4 survivors (4096K)
 Metaspace       used 36149K, committed 36480K, reserved 1089536K
  class space    used 3859K, committed 4032K, reserved 1048576K
}
Event: 30.513 GC heap before
{Heap before GC invocations=23 (full 0):
 garbage-first heap   total 98304K, used 70656K [0x00000000c8c00000, 0x0000000100000000)
  region size 1024K, 22 young (22528K), 4 survivors (4096K)
 Metaspace       used 35011K, committed 35520K, reserved 1089536K
  class space    used 3726K, committed 3968K, reserved 1048576K
}
Event: 30.524 GC heap after
{Heap after GC invocations=24 (full 0):
 garbage-first heap   total 98304K, used 53753K [0x00000000c8c00000, 0x0000000100000000)
  region size 1024K, 2 young (2048K), 2 survivors (2048K)
 Metaspace       used 35011K, committed 35520K, reserved 1089536K
  class space    used 3726K, committed 3968K, reserved 1048576K
}
Event: 30.625 GC heap before
{Heap before GC invocations=24 (full 0):
 garbage-first heap   total 98304K, used 54777K [0x00000000c8c00000, 0x0000000100000000)
  region size 1024K, 4 young (4096K), 2 survivors (2048K)
 Metaspace       used 35101K, committed 35584K, reserved 1089536K
  class space    used 3738K, committed 3968K, reserved 1048576K
}
Event: 30.633 GC heap after
{Heap after GC invocations=25 (full 0):
 garbage-first heap   total 98304K, used 48378K [0x00000000c8c00000, 0x0000000100000000)
  region size 1024K, 1 young (1024K), 1 survivors (1024K)
 Metaspace       used 35101K, committed 35584K, reserved 1089536K
  class space    used 3738K, committed 3968K, reserved 1048576K
}
Event: 31.818 GC heap before
{Heap before GC invocations=25 (full 0):
 garbage-first heap   total 98304K, used 71930K [0x00000000c8c00000, 0x0000000100000000)
  region size 1024K, 25 young (25600K), 1 survivors (1024K)
 Metaspace       used 35920K, committed 36288K, reserved 1089536K
  class space    used 3825K, committed 3968K, reserved 1048576K
}
Event: 31.824 GC heap after
{Heap after GC invocations=26 (full 0):
 garbage-first heap   total 98304K, used 48053K [0x00000000c8c00000, 0x0000000100000000)
  region size 1024K, 1 young (1024K), 1 survivors (1024K)
 Metaspace       used 35920K, committed 36288K, reserved 1089536K
  class space    used 3825K, committed 3968K, reserved 1048576K
}
Event: 32.777 GC heap before
{Heap before GC invocations=27 (full 0):
 garbage-first heap   total 98304K, used 74677K [0x00000000c8c00000, 0x0000000100000000)
  region size 1024K, 27 young (27648K), 1 survivors (1024K)
 Metaspace       used 37242K, committed 37568K, reserved 1089536K
  class space    used 3929K, committed 4096K, reserved 1048576K
}
Event: 32.785 GC heap after
{Heap after GC invocations=28 (full 0):
 garbage-first heap   total 98304K, used 49550K [0x00000000c8c00000, 0x0000000100000000)
  region size 1024K, 3 young (3072K), 3 survivors (3072K)
 Metaspace       used 37242K, committed 37568K, reserved 1089536K
  class space    used 3929K, committed 4096K, reserved 1048576K
}
Event: 32.798 GC heap before
{Heap before GC invocations=28 (full 0):
 garbage-first heap   total 98304K, used 50574K [0x00000000c8c00000, 0x0000000100000000)
  region size 1024K, 4 young (4096K), 3 survivors (3072K)
 Metaspace       used 37244K, committed 37568K, reserved 1089536K
  class space    used 3929K, committed 4096K, reserved 1048576K
}
Event: 32.807 GC heap after
{Heap after GC invocations=29 (full 0):
 garbage-first heap   total 98304K, used 38582K [0x00000000c8c00000, 0x0000000100000000)
  region size 1024K, 1 young (1024K), 1 survivors (1024K)
 Metaspace       used 37244K, committed 37568K, reserved 1089536K
  class space    used 3929K, committed 4096K, reserved 1048576K
}
Event: 32.978 GC heap before
{Heap before GC invocations=29 (full 0):
 garbage-first heap   total 98304K, used 41654K [0x00000000c8c00000, 0x0000000100000000)
  region size 1024K, 4 young (4096K), 1 survivors (1024K)
 Metaspace       used 37474K, committed 37824K, reserved 1089536K
  class space    used 3965K, committed 4096K, reserved 1048576K
}

